<?xml version="1.0" encoding="UTF-8"?>
<!-- Generated by org.testng.reporters.JUnitReportReporter -->
<testsuite skipped="0" hostname="WKWIN4599847" name="kellogsTesting.UrlTesting" tests="1" failures="0" timestamp="11 May 2021 12:51:07 GMT" time="76.607" errors="0">
  <testcase name="URLTesting" time="76.607" classname="kellogsTesting.UrlTesting"/>
</testsuite> <!-- kellogsTesting.UrlTesting -->
